<?xml version="1.0" encoding="UTF-8"?>
<testng-results ignored="0" total="1" passed="1" failed="0" skipped="0">
  <reporter-output>
  </reporter-output>
  <suite started-at="2023-11-04T20:46:39 CDT" name="Default suite" finished-at="2023-11-04T20:46:43 CDT" duration-ms="3466">
    <groups>
    </groups>
    <test started-at="2023-11-04T20:46:39 CDT" name="Default test" finished-at="2023-11-04T20:46:43 CDT" duration-ms="3466">
      <class name="myProject3.StartProjectSimpliLearn">
        <test-method signature="project()[pri:0, instance:myProject3.StartProjectSimpliLearn@5ae50ce6]" started-at="2023-11-04T20:46:39 CDT" name="project" finished-at="2023-11-04T20:46:43 CDT" duration-ms="3447" status="PASS">
          <reporter-output>
          </reporter-output>
        </test-method> <!-- project -->
      </class> <!-- myProject3.StartProjectSimpliLearn -->
    </test> <!-- Default test -->
  </suite> <!-- Default suite -->
</testng-results>
